Change Component Footprint: Designator=L1 Old Footprint=0402-A New Footprint=cd127-220uH
Change Component Footprint: Designator=R1 Old Footprint=AXIAL-0.3 New Footprint=J1-0603
Change Component Footprint: Designator=R2 Old Footprint=AXIAL-0.3 New Footprint=J1-0603
Change Component Footprint: Designator=R3 Old Footprint=AXIAL-0.3 New Footprint=J1-0603
Change Component Footprint: Designator=R4 Old Footprint=AXIAL-0.3 New Footprint=J1-0603
Change Component Footprint: Designator=R5 Old Footprint=AXIAL-0.3 New Footprint=J1-0603
Change Component Footprint: Designator=C1 Old Footprint=RAD-0.3 New Footprint=220uF-35V-smd
Change Component Footprint: Designator=C3 Old Footprint=RAD-0.3 New Footprint=1608[0603]
Change Component Footprint: Designator=C2 Old Footprint=RAD-0.3 New Footprint=RB5-10.5
Change Component Footprint: Designator=C4 Old Footprint=RB7.6-15 New Footprint=1608[0603]
Change Component Library : Designator=U1 Old Library=Altium Content Vault New Library=
Change component parameters: Designator = "C4"; Footprint = "1608[0603]"; UniqueID = "\QORHBDBA"
Change component parameters. Clean all parameters for all variants
Change component parameters (AddParameter): Name = "LatestRevisionDate"; Value = "17-Jul-2002"; VariantName = "[No Variations]"
Change component parameters (AddParameter): Name = "LatestRevisionNote"; Value = "Re-released for DXP Platform."; VariantName = "[No Variations]"
Change component parameters (AddParameter): Name = "PackageDescription"; Value = "Polarized Capacitor (Radial); 2 Leads"; VariantName = "[No Variations]"
Change component parameters (AddParameter): Name = "PackageReference"; Value = "RB7.6-15"; VariantName = "[No Variations]"
Change component parameters (AddParameter): Name = "Published"; Value = "8-Jun-2000"; VariantName = "[No Variations]"
Change component parameters (AddParameter): Name = "Publisher"; Value = "Altium Limited"; VariantName = "[No Variations]"
Change component parameters (AddParameter): Name = "Value"; Value = "10nF"; VariantName = "[No Variations]"
