Removed Pin From Net: NetName=Fb Pin=R3-1
Removed Pin From Net: NetName=Fb Pin=R4-2
Change Component Footprint: Designator=D1 Old Footprint=SMC New Footprint=DIOD-SMA-2_A_V
Change Component Footprint: Designator=Q3 Old Footprint=TO-220AB New Footprint=D2PAK_L
Change Component Comment : Designator=D1 Old Comment=Diode New Comment=US1K-13-F
Change Component Comment : Designator=Q3 Old Comment=NMOS-2 New Comment=FQD5N60C 
Change component parameters: Designator = "D1"; Footprint = "DIOD-SMA-2_A_V"; UniqueID = "\UNOSAMKU"
Change component parameters. Clean all parameters for all variants
Change component parameters (AddParameter): Name = "ComponentLink1Description"; Value = "Manufacturer URL"; VariantName = "[No Variations]"
Change component parameters (AddParameter): Name = "ComponentLink1URL"; Value = "http://www.diodes.com/"; VariantName = "[No Variations]"
Change component parameters (AddParameter): Name = "ComponentLink2Description"; Value = "Datasheet"; VariantName = "[No Variations]"
Change component parameters (AddParameter): Name = "ComponentLink2URL"; Value = "http://www.diodes.com/_files/datasheets/ds16008.pdf"; VariantName = "[No Variations]"
Change component parameters (AddParameter): Name = "DatasheetVersion"; Value = "Rev. 11-2, 12/2014"; VariantName = "[No Variations]"
Change component parameters (AddParameter): Name = "Height"; Value = "2.1 mm"; VariantName = "[No Variations]"
Change component parameters (AddParameter): Name = "Length"; Value = "4.6 mm"; VariantName = "[No Variations]"
Change component parameters (AddParameter): Name = "Manufacturer"; Value = "Diodes Inc"; VariantName = "[No Variations]"
Change component parameters (AddParameter): Name = "Max Operating Temperature"; Value = "150 degC"; VariantName = "[No Variations]"
Change component parameters (AddParameter): Name = "Min Operating Temperature"; Value = "-65 degC"; VariantName = "[No Variations]"
Change component parameters (AddParameter): Name = "Mount"; Value = "Surface Mount"; VariantName = "[No Variations]"
Change component parameters (AddParameter): Name = "Mounting Technology"; Value = "Surface Mount"; VariantName = "[No Variations]"
Change component parameters (AddParameter): Name = "PackageDescription"; Value = "2-Pin Surface Mount Device, Body 4.3 x 2.605 mm"; VariantName = "[No Variations]"
Change component parameters (AddParameter): Name = "Package Quantity"; Value = "1"; VariantName = "[No Variations]"
Change component parameters (AddParameter): Name = "PackageReference"; Value = "SMA-2"; VariantName = "[No Variations]"
Change component parameters (AddParameter): Name = "Packaging"; Value = "Cut Tape"; VariantName = "[No Variations]"
Change component parameters (AddParameter): Name = "Pins"; Value = "2"; VariantName = "[No Variations]"
Change component parameters (AddParameter): Name = "REACH SVHC"; Value = "Yes"; VariantName = "[No Variations]"
Change component parameters (AddParameter): Name = "RoHSCompliant"; Value = "true"; VariantName = "[No Variations]"
Added Pin To Net: NetName=NetQ1_2 Pin=C1-2
Added Pin To Net: NetName=NetQ1_2 Pin=L1-2
Added Pin To Net: NetName=NetQ1_2 Pin=U1-1
Change Net Name : Old Net Name=9V New Net Name=VCC
Change Net Name : Old Net Name=NetQ1_2 New Net Name=NetC1_2
Added Pin To Net: NetName=NetR3_1 Pin=R3-1
Added Pin To Net: NetName=NetR3_1 Pin=R4-2
Added Net: Name=NetR3_1
